<?xml version="1.0" encoding="UTF-8"?>
<!-- Generated by org.testng.reporters.JUnitReportReporter -->
<testsuite skipped="0" hostname="Shahs-MacBook-Pro.local" name="com.qa.test.DemoTest" tests="1" failures="0" timestamp="17 Jul 2018 15:26:49 GMT" time="0.020" errors="0">
  <testcase name="Sum" time="0.020" classname="com.qa.test.DemoTest"/>
</testsuite> <!-- com.qa.test.DemoTest -->
