<?xml version="1.0" encoding="UTF-8"?>
<!-- Generated by org.testng.reporters.JUnitReportReporter -->
<testsuite skipped="0" hostname="Shahs-MacBook-Pro.local" name="com.qa.test.DemoTest3" tests="4" failures="0" timestamp="17 Jul 2018 18:20:14 GMT" time="0.000" errors="0">
  <testcase name="MulTest3" time="0.000" classname="com.qa.test.DemoTest3"/>
  <testcase name="SubTest3" time="0.000" classname="com.qa.test.DemoTest3"/>
  <testcase name="DivTest3" time="0.000" classname="com.qa.test.DemoTest3"/>
  <testcase name="SumTest3" time="0.000" classname="com.qa.test.DemoTest3"/>
</testsuite> <!-- com.qa.test.DemoTest3 -->
