<?xml version="1.0" encoding="UTF-8"?>
<!-- Generated by org.testng.reporters.JUnitReportReporter -->
<testsuite skipped="0" hostname="Shahs-MacBook-Pro.local" name="com.qa.test.DemoTest" tests="4" failures="0" timestamp="17 Jul 2018 18:20:14 GMT" time="0.009" errors="0">
  <testcase name="Sum" time="0.000" classname="com.qa.test.DemoTest"/>
  <testcase name="Mul" time="0.000" classname="com.qa.test.DemoTest"/>
  <testcase name="Sub" time="0.000" classname="com.qa.test.DemoTest"/>
  <testcase name="Div" time="0.009" classname="com.qa.test.DemoTest"/>
</testsuite> <!-- com.qa.test.DemoTest -->
