<?xml version="1.0" encoding="UTF-8"?>
<!-- Generated by org.testng.reporters.JUnitReportReporter -->
<testsuite skipped="0" hostname="Shahs-MacBook-Pro.local" name="com.qa.test.DemoTest2" tests="4" failures="0" timestamp="17 Jul 2018 18:20:14 GMT" time="0.000" errors="0">
  <testcase name="DivTest2" time="0.000" classname="com.qa.test.DemoTest2"/>
  <testcase name="MulTest2" time="0.000" classname="com.qa.test.DemoTest2"/>
  <testcase name="SubTest2" time="0.000" classname="com.qa.test.DemoTest2"/>
  <testcase name="SumTest2" time="0.000" classname="com.qa.test.DemoTest2"/>
</testsuite> <!-- com.qa.test.DemoTest2 -->
